# JRE version: OpenJDK Runtime Environment (11.0.12+7) (build 11.0.12+7-b1504.28-7817840)
# Java VM: OpenJDK 64-Bit Server VM (11.0.12+7-b1504.28-7817840, mixed mode, tiered, compressed oops, g1 gc, windows-amd64)
Heap:
 garbage-first heap   total 262144K, used 200824K [0x0000000080000000, 0x0000000100000000)
  region size 1024K, 94 young (96256K), 7 survivors (7168K)
 Metaspace       used 100951K, capacity 103541K, committed 103680K, reserved 1138688K
  class space    used 13057K, capacity 13993K, committed 14080K, reserved 1048576K
GC Heap History (20 events):
Event: 11.685 GC heap before
{Heap before GC invocations=21 (full 0):
 garbage-first heap   total 262144K, used 207658K [0x0000000080000000, 0x0000000100000000)
  region size 1024K, 153 young (156672K), 11 survivors (11264K)
 Metaspace       used 49906K, capacity 51243K, committed 51584K, reserved 1093632K
  class space    used 6432K, capacity 6935K, committed 7040K, reserved 1048576K
}
Event: 11.689 GC heap after
{Heap after GC invocations=22 (full 0):
 garbage-first heap   total 262144K, used 61166K [0x0000000080000000, 0x0000000100000000)
  region size 1024K, 10 young (10240K), 10 survivors (10240K)
 Metaspace       used 49906K, capacity 51243K, committed 51584K, reserved 1093632K
  class space    used 6432K, capacity 6935K, committed 7040K, reserved 1048576K
}
Event: 11.940 GC heap before
{Heap before GC invocations=22 (full 0):
 garbage-first heap   total 262144K, used 207598K [0x0000000080000000, 0x0000000100000000)
  region size 1024K, 153 young (156672K), 10 survivors (10240K)
 Metaspace       used 49958K, capacity 51307K, committed 51584K, reserved 1093632K
  class space    used 6441K, capacity 6935K, committed 7040K, reserved 1048576K
}
Event: 11.946 GC heap after
{Heap after GC invocations=23 (full 0):
 garbage-first heap   total 262144K, used 62107K [0x0000000080000000, 0x0000000100000000)
  region size 1024K, 11 young (11264K), 11 survivors (11264K)
 Metaspace       used 49958K, capacity 51307K, committed 51584K, reserved 1093632K
  class space    used 6441K, capacity 6935K, committed 7040K, reserved 1048576K
}
Event: 12.121 GC heap before
{Heap before GC invocations=23 (full 0):
 garbage-first heap   total 262144K, used 207515K [0x0000000080000000, 0x0000000100000000)
  region size 1024K, 153 young (156672K), 11 survivors (11264K)
 Metaspace       used 49962K, capacity 51307K, committed 51584K, reserved 1093632K
  class space    used 6442K, capacity 6935K, committed 7040K, reserved 1048576K
}
Event: 12.125 GC heap after
{Heap after GC invocations=24 (full 0):
 garbage-first heap   total 262144K, used 63671K [0x0000000080000000, 0x0000000100000000)
  region size 1024K, 10 young (10240K), 10 survivors (10240K)
 Metaspace       used 49962K, capacity 51307K, committed 51584K, reserved 1093632K
  class space    used 6442K, capacity 6935K, committed 7040K, reserved 1048576K
}
Event: 12.698 GC heap before
{Heap before GC invocations=24 (full 0):
 garbage-first heap   total 262144K, used 213175K [0x0000000080000000, 0x0000000100000000)
  region size 1024K, 153 young (156672K), 10 survivors (10240K)
 Metaspace       used 50005K, capacity 51307K, committed 51584K, reserved 1093632K
  class space    used 6445K, capacity 6935K, committed 7040K, reserved 1048576K
}
Event: 12.700 GC heap after
{Heap after GC invocations=25 (full 0):
 garbage-first heap   total 262144K, used 58912K [0x0000000080000000, 0x0000000100000000)
  region size 1024K, 5 young (5120K), 5 survivors (5120K)
 Metaspace       used 50005K, capacity 51307K, committed 51584K, reserved 1093632K
  class space    used 6445K, capacity 6935K, committed 7040K, reserved 1048576K
}
Event: 13.440 GC heap before
{Heap before GC invocations=25 (full 0):
 garbage-first heap   total 262144K, used 214560K [0x0000000080000000, 0x0000000100000000)
  region size 1024K, 153 young (156672K), 5 survivors (5120K)
 Metaspace       used 55912K, capacity 57486K, committed 57728K, reserved 1099776K
  class space    used 7238K, capacity 7753K, committed 7808K, reserved 1048576K
}
Event: 13.445 GC heap after
{Heap after GC invocations=26 (full 0):
 garbage-first heap   total 262144K, used 68791K [0x0000000080000000, 0x0000000100000000)
  region size 1024K, 10 young (10240K), 10 survivors (10240K)
 Metaspace       used 55912K, capacity 57486K, committed 57728K, reserved 1099776K
  class space    used 7238K, capacity 7753K, committed 7808K, reserved 1048576K
}
Event: 14.153 GC heap before
{Heap before GC invocations=26 (full 0):
 garbage-first heap   total 262144K, used 176311K [0x0000000080000000, 0x0000000100000000)
  region size 1024K, 112 young (114688K), 10 survivors (10240K)
 Metaspace       used 58346K, capacity 60053K, committed 60160K, reserved 1101824K
  class space    used 7520K, capacity 8131K, committed 8192K, reserved 1048576K
}
Event: 14.161 GC heap after
{Heap after GC invocations=27 (full 0):
 garbage-first heap   total 262144K, used 81069K [0x0000000080000000, 0x0000000100000000)
  region size 1024K, 18 young (18432K), 18 survivors (18432K)
 Metaspace       used 58346K, capacity 60053K, committed 60160K, reserved 1101824K
  class space    used 7520K, capacity 8131K, committed 8192K, reserved 1048576K
}
Event: 14.942 GC heap before
{Heap before GC invocations=28 (full 0):
 garbage-first heap   total 262144K, used 201901K [0x0000000080000000, 0x0000000100000000)
  region size 1024K, 139 young (142336K), 18 survivors (18432K)
 Metaspace       used 72958K, capacity 74939K, committed 75136K, reserved 1114112K
  class space    used 9343K, capacity 10034K, committed 10112K, reserved 1048576K
}
Event: 14.955 GC heap after
{Heap after GC invocations=29 (full 0):
 garbage-first heap   total 262144K, used 86618K [0x0000000080000000, 0x0000000100000000)
  region size 1024K, 16 young (16384K), 16 survivors (16384K)
 Metaspace       used 72958K, capacity 74939K, committed 75136K, reserved 1114112K
  class space    used 9343K, capacity 10034K, committed 10112K, reserved 1048576K
}
Event: 15.747 GC heap before
{Heap before GC invocations=30 (full 0):
 garbage-first heap   total 262144K, used 217690K [0x0000000080000000, 0x0000000100000000)
  region size 1024K, 134 young (137216K), 16 survivors (16384K)
 Metaspace       used 82166K, capacity 84499K, committed 84608K, reserved 1122304K
  class space    used 10781K, capacity 11594K, committed 11648K, reserved 1048576K
}
Event: 15.755 GC heap after
{Heap after GC invocations=31 (full 0):
 garbage-first heap   total 262144K, used 106496K [0x0000000080000000, 0x0000000100000000)
  region size 1024K, 17 young (17408K), 17 survivors (17408K)
 Metaspace       used 82166K, capacity 84499K, committed 84608K, reserved 1122304K
  class space    used 10781K, capacity 11594K, committed 11648K, reserved 1048576K
}
Event: 39.108 GC heap before
{Heap before GC invocations=31 (full 0):
 garbage-first heap   total 262144K, used 214016K [0x0000000080000000, 0x0000000100000000)
  region size 1024K, 122 young (124928K), 17 survivors (17408K)
 Metaspace       used 88074K, capacity 90514K, committed 90752K, reserved 1128448K
  class space    used 11452K, capacity 12325K, committed 12416K, reserved 1048576K
}
Event: 39.115 GC heap after
{Heap after GC invocations=32 (full 0):
 garbage-first heap   total 262144K, used 111160K [0x0000000080000000, 0x0000000100000000)
  region size 1024K, 5 young (5120K), 5 survivors (5120K)
 Metaspace       used 88074K, capacity 90514K, committed 90752K, reserved 1128448K
  class space    used 11452K, capacity 12325K, committed 12416K, reserved 1048576K
}
Event: 61.588 GC heap before
{Heap before GC invocations=32 (full 0):
 garbage-first heap   total 262144K, used 216632K [0x0000000080000000, 0x0000000100000000)
  region size 1024K, 108 young (110592K), 5 survivors (5120K)
 Metaspace       used 90727K, capacity 93132K, committed 93312K, reserved 1130496K
  class space    used 11774K, capacity 12658K, committed 12672K, reserved 1048576K
}
Event: 61.591 GC heap after
{Heap after GC invocations=33 (full 0):
 garbage-first heap   total 262144K, used 112760K [0x0000000080000000, 0x0000000100000000)
  region size 1024K, 7 young (7168K), 7 survivors (7168K)
 Metaspace       used 90727K, capacity 93132K, committed 93312K, reserved 1130496K
  class space    used 11774K, capacity 12658K, committed 12672K, reserved 1048576K
}

